-------------------------------------------------------------------------------
Test set: TestSuite
-------------------------------------------------------------------------------
Tests run: 2, Failures: 1, Errors: 0, Skipped: 0, Time elapsed: 1.325 s <<< FAILURE! - in TestSuite
testMethod1(com.sdetadda.allure.Testcase1)  Time elapsed: 0.013 s  <<< FAILURE!
java.lang.AssertionError: 
	at com.sdetadda.allure.Testcase1.testMethod1(Testcase1.java:12)

